<?xml version="1.0" encoding="UTF-8"?>
<!-- Generated by org.testng.reporters.JUnitReportReporter -->
<testsuite hostname="LAPTOP-QKCURUKN" failures="0" tests="11" name="saurabhkumbhar.GroceryTrackerAdminPanel.Products" time="6.556" errors="1" timestamp="2024-08-29T14:40:14 IST" skipped="9">
  <testcase classname="saurabhkumbhar.GroceryTrackerAdminPanel.Products" name="testDangerButtonClick" time="6.523"/>
  <testcase classname="saurabhkumbhar.GroceryTrackerAdminPanel.Products" name="testSuccessButtonClick" time="0.000">
    <skipped/>
  </testcase> <!-- testSuccessButtonClick -->
  <testcase classname="saurabhkumbhar.GroceryTrackerAdminPanel.Products" name="testTablePresence" time="0.000">
    <skipped/>
  </testcase> <!-- testTablePresence -->
  <testcase classname="saurabhkumbhar.GroceryTrackerAdminPanel.Products" name="teardown" time="0.032">
    <error message="unexpected alert open: {Alert text : Are you sure you want to delete this Product?}
  (Session info: chrome=128.0.6613.86): Are you sure you want to delete this Product?
Build info: version: &#039;3.141.59&#039;, revision: &#039;e82be7d358&#039;, time: &#039;2018-11-14T08:25:53&#039;
System info: host: &#039;LAPTOP-QKCURUKN&#039;, ip: &#039;192.168.1.10&#039;, os.name: &#039;Windows 11&#039;, os.arch: &#039;amd64&#039;, os.version: &#039;10.0&#039;, java.version: &#039;21.0.2&#039;
Driver info: org.openqa.selenium.chrome.ChromeDriver
Capabilities {acceptInsecureCerts: false, browserName: chrome, browserVersion: 128.0.6613.86, chrome: {chromedriverVersion: 127.0.6533.99 (f31af5097d90..., userDataDir: C:\Users\SAURABH\AppData\Lo...}, fedcm:accounts: true, goog:chromeOptions: {debuggerAddress: localhost:55614}, javascriptEnabled: true, networkConnectionEnabled: false, pageLoadStrategy: normal, platform: WINDOWS, platformName: WINDOWS, proxy: Proxy(), setWindowRect: true, strictFileInteractability: false, timeouts: {implicit: 0, pageLoad: 300000, script: 30000}, unhandledPromptBehavior: dismiss and notify, webauthn:extension:credBlob: true, webauthn:extension:largeBlob: true, webauthn:extension:minPinLength: true, webauthn:extension:prf: true, webauthn:virtualAuthenticators: true}
Session ID: 1b88531fca6b7be3fff7321481f72f67" type="org.openqa.selenium.UnhandledAlertException">
      <![CDATA[org.openqa.selenium.UnhandledAlertException: unexpected alert open: {Alert text : Are you sure you want to delete this Product?}
  (Session info: chrome=128.0.6613.86): Are you sure you want to delete this Product?
Build info: version: '3.141.59', revision: 'e82be7d358', time: '2018-11-14T08:25:53'
System info: host: 'LAPTOP-QKCURUKN', ip: '192.168.1.10', os.name: 'Windows 11', os.arch: 'amd64', os.version: '10.0', java.version: '21.0.2'
Driver info: org.openqa.selenium.chrome.ChromeDriver
Capabilities {acceptInsecureCerts: false, browserName: chrome, browserVersion: 128.0.6613.86, chrome: {chromedriverVersion: 127.0.6533.99 (f31af5097d90..., userDataDir: C:\Users\SAURABH\AppData\Lo...}, fedcm:accounts: true, goog:chromeOptions: {debuggerAddress: localhost:55614}, javascriptEnabled: true, networkConnectionEnabled: false, pageLoadStrategy: normal, platform: WINDOWS, platformName: WINDOWS, proxy: Proxy(), setWindowRect: true, strictFileInteractability: false, timeouts: {implicit: 0, pageLoad: 300000, script: 30000}, unhandledPromptBehavior: dismiss and notify, webauthn:extension:credBlob: true, webauthn:extension:largeBlob: true, webauthn:extension:minPinLength: true, webauthn:extension:prf: true, webauthn:virtualAuthenticators: true}
Session ID: 1b88531fca6b7be3fff7321481f72f67
at org.openqa.selenium.remote.http.W3CHttpResponseCodec.decode(W3CHttpResponseCodec.java:120)
at org.openqa.selenium.remote.http.W3CHttpResponseCodec.decode(W3CHttpResponseCodec.java:49)
at org.openqa.selenium.remote.HttpCommandExecutor.execute(HttpCommandExecutor.java:158)
at org.openqa.selenium.remote.service.DriverCommandExecutor.execute(DriverCommandExecutor.java:83)
at org.openqa.selenium.remote.RemoteWebDriver.execute(RemoteWebDriver.java:552)
at org.openqa.selenium.remote.RemoteWebDriver.execute(RemoteWebDriver.java:609)
at org.openqa.selenium.remote.RemoteWebDriver.close(RemoteWebDriver.java:442)
at saurabhkumbhar.GroceryTrackerAdminPanel.Products.teardown(Products.java:43)
at java.base/jdk.internal.reflect.DirectMethodHandleAccessor.invoke(DirectMethodHandleAccessor.java:103)
at java.base/java.lang.reflect.Method.invoke(Method.java:580)
at org.testng.internal.invokers.MethodInvocationHelper.invokeMethod(MethodInvocationHelper.java:139)
at org.testng.internal.invokers.MethodInvocationHelper.invokeMethodConsideringTimeout(MethodInvocationHelper.java:69)
at org.testng.internal.invokers.ConfigInvoker.invokeConfigurationMethod(ConfigInvoker.java:390)
at org.testng.internal.invokers.ConfigInvoker.invokeConfigurations(ConfigInvoker.java:325)
at org.testng.internal.invokers.TestInvoker.runConfigMethods(TestInvoker.java:810)
at org.testng.internal.invokers.TestInvoker.runAfterConfigurations(TestInvoker.java:779)
at org.testng.internal.invokers.TestInvoker.invokeMethod(TestInvoker.java:755)
at org.testng.internal.invokers.TestInvoker.invokeTestMethod(TestInvoker.java:227)
at org.testng.internal.invokers.MethodRunner.runInSequence(MethodRunner.java:50)
at org.testng.internal.invokers.TestInvoker$MethodInvocationAgent.invoke(TestInvoker.java:957)
at org.testng.internal.invokers.TestInvoker.invokeTestMethods(TestInvoker.java:200)
at org.testng.internal.invokers.TestMethodWorker.invokeTestMethods(TestMethodWorker.java:148)
at org.testng.internal.invokers.TestMethodWorker.run(TestMethodWorker.java:128)
at java.base/java.util.ArrayList.forEach(ArrayList.java:1596)
at org.testng.TestRunner.privateRun(TestRunner.java:848)
at org.testng.TestRunner.run(TestRunner.java:621)
at org.testng.SuiteRunner.runTest(SuiteRunner.java:443)
at org.testng.SuiteRunner.runSequentially(SuiteRunner.java:437)
at org.testng.SuiteRunner.privateRun(SuiteRunner.java:397)
at org.testng.SuiteRunner.run(SuiteRunner.java:336)
at org.testng.SuiteRunnerWorker.runSuite(SuiteRunnerWorker.java:52)
at org.testng.SuiteRunnerWorker.run(SuiteRunnerWorker.java:95)
at org.testng.TestNG.runSuitesSequentially(TestNG.java:1280)
at org.testng.TestNG.runSuitesLocally(TestNG.java:1200)
at org.testng.TestNG.runSuites(TestNG.java:1114)
at org.testng.TestNG.run(TestNG.java:1082)
at org.testng.remote.AbstractRemoteTestNG.run(AbstractRemoteTestNG.java:115)
at org.testng.remote.RemoteTestNG.initAndRun(RemoteTestNG.java:293)
at org.testng.remote.RemoteTestNG.main(RemoteTestNG.java:91)
]]>
    </error>
  </testcase> <!-- teardown -->
  <testcase classname="saurabhkumbhar.GroceryTrackerAdminPanel.Products" name="testSearchInputFieldInitialValue" time="0.000">
    <skipped/>
  </testcase> <!-- testSearchInputFieldInitialValue -->
  <testcase classname="saurabhkumbhar.GroceryTrackerAdminPanel.Products" name="testSearchInputFieldFunctionality" time="0.000">
    <skipped/>
  </testcase> <!-- testSearchInputFieldFunctionality -->
  <testcase classname="saurabhkumbhar.GroceryTrackerAdminPanel.Products" name="testSearchInputField" time="0.001">
    <skipped/>
  </testcase> <!-- testSearchInputField -->
  <testcase classname="saurabhkumbhar.GroceryTrackerAdminPanel.Products" name="testSearchButtonVisibility" time="0.000">
    <skipped/>
  </testcase> <!-- testSearchButtonVisibility -->
  <testcase classname="saurabhkumbhar.GroceryTrackerAdminPanel.Products" name="testProductsHeaderVisibility" time="0.000">
    <skipped/>
  </testcase> <!-- testProductsHeaderVisibility -->
  <testcase classname="saurabhkumbhar.GroceryTrackerAdminPanel.Products" name="testSearchBoxVisibility" time="0.000">
    <skipped/>
  </testcase> <!-- testSearchBoxVisibility -->
  <testcase classname="saurabhkumbhar.GroceryTrackerAdminPanel.Products" name="testSearchInputFieldType" time="0.000">
    <skipped/>
  </testcase> <!-- testSearchInputFieldType -->
</testsuite> <!-- saurabhkumbhar.GroceryTrackerAdminPanel.Products -->
