<?xml version="1.0" encoding="UTF-8"?>
<!-- Generated by org.testng.reporters.JUnitXMLReporter -->
<testsuite ignored="0" hostname="LAPTOP-QKCURUKN" failures="7" tests="51" name="Test" time="214.705" errors="0" timestamp="2024-08-28T22:54:37 IST">
  <testcase classname="saurabhkumbhar.GroceryTrackerAdminPanel.User" name="@AfterMethod teardown" time="0.012">
    <failure type="org.openqa.selenium.WebDriverException" message="disconnected: not connected to DevTools
  (failed to check if window was closed: disconnected: not connected to DevTools)
  (Session info: chrome=128.0.6613.85)
Build info: version: &amp;apos;3.141.59&amp;apos;, revision: &amp;apos;e82be7d358&amp;apos;, time: &amp;apos;2018-11-14T08:25:53&amp;apos;
System info: host: &amp;apos;LAPTOP-QKCURUKN&amp;apos;, ip: &amp;apos;192.168.1.10&amp;apos;, os.name: &amp;apos;Windows 11&amp;apos;, os.arch: &amp;apos;amd64&amp;apos;, os.version: &amp;apos;10.0&amp;apos;, java.version: &amp;apos;21.0.2&amp;apos;
Driver info: org.openqa.selenium.chrome.ChromeDriver
Capabilities {acceptInsecureCerts: false, browserName: chrome, browserVersion: 128.0.6613.85, chrome: {chromedriverVersion: 127.0.6533.99 (f31af5097d90..., userDataDir: C:\WINDOWS\SystemTemp\scope...}, fedcm:accounts: true, goog:chromeOptions: {debuggerAddress: localhost:58368}, javascriptEnabled: true, networkConnectionEnabled: false, pageLoadStrategy: normal, platform: WINDOWS, platformName: WINDOWS, proxy: Proxy(), setWindowRect: true, strictFileInteractability: false, timeouts: {implicit: 0, pageLoad: 300000, script: 30000}, unhandledPromptBehavior: dismiss and notify, webauthn:extension:credBlob: true, webauthn:extension:largeBlob: true, webauthn:extension:minPinLength: true, webauthn:extension:prf: true, webauthn:virtualAuthenticators: true}
Session ID: 437bbbca25a4222da32dc1ce877aabaf">
      <![CDATA[org.openqa.selenium.WebDriverException: disconnected: not connected to DevTools
  (failed to check if window was closed: disconnected: not connected to DevTools)
  (Session info: chrome=128.0.6613.85)
Build info: version: '3.141.59', revision: 'e82be7d358', time: '2018-11-14T08:25:53'
System info: host: 'LAPTOP-QKCURUKN', ip: '192.168.1.10', os.name: 'Windows 11', os.arch: 'amd64', os.version: '10.0', java.version: '21.0.2'
Driver info: org.openqa.selenium.chrome.ChromeDriver
Capabilities {acceptInsecureCerts: false, browserName: chrome, browserVersion: 128.0.6613.85, chrome: {chromedriverVersion: 127.0.6533.99 (f31af5097d90..., userDataDir: C:\WINDOWS\SystemTemp\scope...}, fedcm:accounts: true, goog:chromeOptions: {debuggerAddress: localhost:58368}, javascriptEnabled: true, networkConnectionEnabled: false, pageLoadStrategy: normal, platform: WINDOWS, platformName: WINDOWS, proxy: Proxy(), setWindowRect: true, strictFileInteractability: false, timeouts: {implicit: 0, pageLoad: 300000, script: 30000}, unhandledPromptBehavior: dismiss and notify, webauthn:extension:credBlob: true, webauthn:extension:largeBlob: true, webauthn:extension:minPinLength: true, webauthn:extension:prf: true, webauthn:virtualAuthenticators: true}
Session ID: 437bbbca25a4222da32dc1ce877aabaf
at org.openqa.selenium.remote.http.W3CHttpResponseCodec.createException(W3CHttpResponseCodec.java:187)
at org.openqa.selenium.remote.http.W3CHttpResponseCodec.decode(W3CHttpResponseCodec.java:122)
at org.openqa.selenium.remote.http.W3CHttpResponseCodec.decode(W3CHttpResponseCodec.java:49)
at org.openqa.selenium.remote.HttpCommandExecutor.execute(HttpCommandExecutor.java:158)
at org.openqa.selenium.remote.service.DriverCommandExecutor.execute(DriverCommandExecutor.java:83)
at org.openqa.selenium.remote.RemoteWebDriver.execute(RemoteWebDriver.java:552)
at org.openqa.selenium.remote.RemoteWebDriver.execute(RemoteWebDriver.java:609)
at org.openqa.selenium.remote.RemoteWebDriver.close(RemoteWebDriver.java:442)
at saurabhkumbhar.GroceryTrackerAdminPanel.User.teardown(User.java:47)
at java.base/java.util.ArrayList.forEach(ArrayList.java:1596)
... Removed 33 stack frames]]>
    </failure>
  </testcase> <!-- @AfterMethod teardown -->
  <testcase classname="saurabhkumbhar.GroceryTrackerAdminPanel.User" name="@BeforeMethod setUp" time="0.0">
    <skipped/>
  </testcase> <!-- @BeforeMethod setUp -->
  <testcase classname="saurabhkumbhar.GroceryTrackerAdminPanel.User" name="@AfterMethod teardown" time="0.0">
    <skipped/>
  </testcase> <!-- @AfterMethod teardown -->
  <testcase classname="saurabhkumbhar.GroceryTrackerAdminPanel.User" name="@BeforeMethod setUp" time="0.0">
    <skipped/>
  </testcase> <!-- @BeforeMethod setUp -->
  <testcase classname="saurabhkumbhar.GroceryTrackerAdminPanel.User" name="@AfterMethod teardown" time="0.0">
    <skipped/>
  </testcase> <!-- @AfterMethod teardown -->
  <testcase classname="saurabhkumbhar.GroceryTrackerAdminPanel.User" name="@BeforeMethod setUp" time="0.0">
    <skipped/>
  </testcase> <!-- @BeforeMethod setUp -->
  <testcase classname="saurabhkumbhar.GroceryTrackerAdminPanel.User" name="@AfterMethod teardown" time="0.0">
    <skipped/>
  </testcase> <!-- @AfterMethod teardown -->
  <testcase classname="saurabhkumbhar.GroceryTrackerAdminPanel.User" name="@BeforeMethod setUp" time="0.0">
    <skipped/>
  </testcase> <!-- @BeforeMethod setUp -->
  <testcase classname="saurabhkumbhar.GroceryTrackerAdminPanel.User" name="@AfterMethod teardown" time="0.0">
    <skipped/>
  </testcase> <!-- @AfterMethod teardown -->
  <testcase classname="saurabhkumbhar.GroceryTrackerAdminPanel.User" name="@BeforeMethod setUp" time="0.0">
    <skipped/>
  </testcase> <!-- @BeforeMethod setUp -->
  <testcase classname="saurabhkumbhar.GroceryTrackerAdminPanel.User" name="@AfterMethod teardown" time="0.0">
    <skipped/>
  </testcase> <!-- @AfterMethod teardown -->
  <testcase classname="saurabhkumbhar.GroceryTrackerAdminPanel.User" name="@BeforeMethod setUp" time="0.0">
    <skipped/>
  </testcase> <!-- @BeforeMethod setUp -->
  <testcase classname="saurabhkumbhar.GroceryTrackerAdminPanel.User" name="@AfterMethod teardown" time="0.0">
    <skipped/>
  </testcase> <!-- @AfterMethod teardown -->
  <testcase classname="saurabhkumbhar.GroceryTrackerAdminPanel.User" name="@BeforeMethod setUp" time="0.0">
    <skipped/>
  </testcase> <!-- @BeforeMethod setUp -->
  <testcase classname="saurabhkumbhar.GroceryTrackerAdminPanel.User" name="@AfterMethod teardown" time="0.0">
    <skipped/>
  </testcase> <!-- @AfterMethod teardown -->
  <testcase classname="saurabhkumbhar.GroceryTrackerAdminPanel.User" name="@BeforeMethod setUp" time="0.0">
    <skipped/>
  </testcase> <!-- @BeforeMethod setUp -->
  <testcase classname="saurabhkumbhar.GroceryTrackerAdminPanel.User" name="@AfterMethod teardown" time="0.0">
    <skipped/>
  </testcase> <!-- @AfterMethod teardown -->
  <testcase classname="saurabhkumbhar.GroceryTrackerAdminPanel.User" name="@BeforeMethod setUp" time="0.0">
    <skipped/>
  </testcase> <!-- @BeforeMethod setUp -->
  <testcase classname="saurabhkumbhar.GroceryTrackerAdminPanel.User" name="@AfterMethod teardown" time="0.0">
    <skipped/>
  </testcase> <!-- @AfterMethod teardown -->
  <testcase classname="saurabhkumbhar.GroceryTrackerAdminPanel.User" name="@BeforeMethod setUp" time="0.0">
    <skipped/>
  </testcase> <!-- @BeforeMethod setUp -->
  <testcase classname="saurabhkumbhar.GroceryTrackerAdminPanel.User" name="@AfterMethod teardown" time="0.0">
    <skipped/>
  </testcase> <!-- @AfterMethod teardown -->
  <testcase classname="saurabhkumbhar.GroceryTrackerAdminPanel.User" name="@BeforeMethod setUp" time="0.0">
    <skipped/>
  </testcase> <!-- @BeforeMethod setUp -->
  <testcase classname="saurabhkumbhar.GroceryTrackerAdminPanel.User" name="@AfterMethod teardown" time="0.0">
    <skipped/>
  </testcase> <!-- @AfterMethod teardown -->
  <testcase classname="saurabhkumbhar.GroceryTrackerAdminPanel.User" name="@BeforeMethod setUp" time="0.0">
    <skipped/>
  </testcase> <!-- @BeforeMethod setUp -->
  <testcase classname="saurabhkumbhar.GroceryTrackerAdminPanel.User" name="@AfterMethod teardown" time="0.0">
    <skipped/>
  </testcase> <!-- @AfterMethod teardown -->
  <testcase classname="saurabhkumbhar.GroceryTrackerAdminPanel.Homepage" name="Homepagedisplay" time="3.068"/>
  <testcase classname="saurabhkumbhar.GroceryTrackerAdminPanel.Homepage" name="testTotalUsersCard" time="2.258"/>
  <testcase classname="saurabhkumbhar.GroceryTrackerAdminPanel.Homepage" name="testTotalListsCard" time="1.692"/>
  <testcase classname="saurabhkumbhar.GroceryTrackerAdminPanel.Homepage" name="testTotalProductsCard" time="1.433"/>
  <testcase classname="saurabhkumbhar.GroceryTrackerAdminPanel.Homepage" name="testTotalSubscribedUsersCard" time="1.685"/>
  <testcase classname="saurabhkumbhar.GroceryTrackerAdminPanel.Homepage" name="testMoreInfoLinks" time="1.329"/>
  <testcase classname="saurabhkumbhar.GroceryTrackerAdminPanel.Login" name="Loginpagedisplay" time="0.43"/>
  <testcase classname="saurabhkumbhar.GroceryTrackerAdminPanel.Login" name="LoginWithInvalidDetails" time="0.987"/>
  <testcase classname="saurabhkumbhar.GroceryTrackerAdminPanel.User" name="testUserButtonIsDisplayed" time="0.59"/>
  <testcase classname="saurabhkumbhar.GroceryTrackerAdminPanel.User" name="testUserButtonText" time="0.036"/>
  <testcase classname="saurabhkumbhar.GroceryTrackerAdminPanel.User" name="testUserButtonFontWeight" time="0.031"/>
  <testcase classname="saurabhkumbhar.GroceryTrackerAdminPanel.User" name="testUserButtonClick" time="0.705"/>
  <testcase classname="saurabhkumbhar.GroceryTrackerAdminPanel.User" name="testSearchInputPresence" time="0.152"/>
  <testcase classname="saurabhkumbhar.GroceryTrackerAdminPanel.User" name="testSearchInputPlaceholder" time="0.049"/>
  <testcase classname="saurabhkumbhar.GroceryTrackerAdminPanel.User" name="testSearchInputType" time="0.058"/>
  <testcase classname="saurabhkumbhar.GroceryTrackerAdminPanel.User" name="testSearchInputCssClass" time="0.041"/>
  <testcase classname="saurabhkumbhar.GroceryTrackerAdminPanel.User" name="testSearchInputIsEnabled" time="0.034"/>
  <testcase classname="saurabhkumbhar.GroceryTrackerAdminPanel.User" name="testSearchInputIsDisplayed" time="0.136"/>
  <testcase classname="saurabhkumbhar.GroceryTrackerAdminPanel.User" name="testSearchInputDefaultValue" time="0.037"/>
  <testcase classname="saurabhkumbhar.GroceryTrackerAdminPanel.User" name="testUserTableIsDisplayed" time="0.089"/>
  <testcase classname="saurabhkumbhar.GroceryTrackerAdminPanel.User" name="testNumberOfUsersDisplayed" time="0.05"/>
  <testcase classname="saurabhkumbhar.GroceryTrackerAdminPanel.User" name="testUserProfileImageIsDisplayed" time="0.56"/>
  <testcase classname="saurabhkumbhar.GroceryTrackerAdminPanel.User" name="testUserNameIsCorrect" time="0.111"/>
  <testcase classname="saurabhkumbhar.GroceryTrackerAdminPanel.User" name="testUserEmailIsCorrect" time="0.108"/>
  <testcase classname="saurabhkumbhar.GroceryTrackerAdminPanel.User" name="testUserAddressIsCorrect" time="0.078"/>
  <testcase classname="saurabhkumbhar.GroceryTrackerAdminPanel.User" name="testUserMobileNumberIsCorrect" time="0.072"/>
  <testcase classname="saurabhkumbhar.GroceryTrackerAdminPanel.User" name="testUserSubscriptionStatusIsCorrect" time="0.728"/>
  <testcase classname="saurabhkumbhar.GroceryTrackerAdminPanel.User" name="testEditButtonIsDisplayed" time="0.527"/>
  <testcase classname="saurabhkumbhar.GroceryTrackerAdminPanel.User" name="testDeleteButtonIsDisplayed" time="0.674"/>
  <testcase classname="saurabhkumbhar.GroceryTrackerAdminPanel.User" name="testProfileImage" time="1.295"/>
  <testcase classname="saurabhkumbhar.GroceryTrackerAdminPanel.User" name="testUserName" time="1.992">
    <failure type="java.lang.AssertionError" message="expected [vinek maurya] but found [Komal QAAA]">
      <![CDATA[java.lang.AssertionError: expected [vinek maurya] but found [Komal QAAA]
at saurabhkumbhar.GroceryTrackerAdminPanel.User.testUserName(User.java:197)
at java.base/java.util.ArrayList.forEach(ArrayList.java:1596)
... Removed 31 stack frames]]>
    </failure>
  </testcase> <!-- testUserName -->
  <testcase classname="saurabhkumbhar.GroceryTrackerAdminPanel.User" name="testUserEmail" time="1.543">
    <failure type="java.lang.AssertionError" message="expected [vinek.quantumitinnovation@gmail.com] but found [komal233@yopmail.com]">
      <![CDATA[java.lang.AssertionError: expected [vinek.quantumitinnovation@gmail.com] but found [komal233@yopmail.com]
at saurabhkumbhar.GroceryTrackerAdminPanel.User.testUserEmail(User.java:205)
at java.base/java.util.ArrayList.forEach(ArrayList.java:1596)
... Removed 31 stack frames]]>
    </failure>
  </testcase> <!-- testUserEmail -->
  <testcase classname="saurabhkumbhar.GroceryTrackerAdminPanel.User" name="testUserMobileNo" time="2.373">
    <failure type="java.lang.AssertionError" message="expected [7522072202] but found [9595801099556699949494994944]">
      <![CDATA[java.lang.AssertionError: expected [7522072202] but found [9595801099556699949494994944]
at saurabhkumbhar.GroceryTrackerAdminPanel.User.testUserMobileNo(User.java:213)
at java.base/java.util.ArrayList.forEach(ArrayList.java:1596)
... Removed 31 stack frames]]>
    </failure>
  </testcase> <!-- testUserMobileNo -->
  <testcase classname="saurabhkumbhar.GroceryTrackerAdminPanel.User" name="testUserAddress" time="1.275">
    <failure type="java.lang.AssertionError" message="expected [UP] but found [Nothing]">
      <![CDATA[java.lang.AssertionError: expected [UP] but found [Nothing]
at saurabhkumbhar.GroceryTrackerAdminPanel.User.testUserAddress(User.java:221)
at java.base/java.util.ArrayList.forEach(ArrayList.java:1596)
... Removed 31 stack frames]]>
    </failure>
  </testcase> <!-- testUserAddress -->
  <testcase classname="saurabhkumbhar.GroceryTrackerAdminPanel.User" name="testUserSubscription" time="1.312"/>
  <testcase classname="saurabhkumbhar.GroceryTrackerAdminPanel.User" name="testPlanValidity" time="2.045"/>
  <testcase classname="saurabhkumbhar.GroceryTrackerAdminPanel.User" name="testCreatedAt" time="30.67">
    <failure type="org.openqa.selenium.NoSuchElementException" message="no such element: Unable to locate element: {&amp;quot;method&amp;quot;:&amp;quot;xpath&amp;quot;,&amp;quot;selector&amp;quot;:&amp;quot;//*[@id=&amp;quot;root&amp;quot;]/div/div[3]/div[1]/div/div[1]/div[2]/div/div/div/div[8]/p[2]&amp;quot;}
  (Session info: chrome=128.0.6613.85)
For documentation on this error, please visit: https://www.seleniumhq.org/exceptions/no_such_element.html
Build info: version: &amp;apos;3.141.59&amp;apos;, revision: &amp;apos;e82be7d358&amp;apos;, time: &amp;apos;2018-11-14T08:25:53&amp;apos;
System info: host: &amp;apos;LAPTOP-QKCURUKN&amp;apos;, ip: &amp;apos;192.168.1.10&amp;apos;, os.name: &amp;apos;Windows 11&amp;apos;, os.arch: &amp;apos;amd64&amp;apos;, os.version: &amp;apos;10.0&amp;apos;, java.version: &amp;apos;21.0.2&amp;apos;
Driver info: org.openqa.selenium.chrome.ChromeDriver
Capabilities {acceptInsecureCerts: false, browserName: chrome, browserVersion: 128.0.6613.85, chrome: {chromedriverVersion: 127.0.6533.99 (f31af5097d90..., userDataDir: C:\WINDOWS\SystemTemp\scope...}, fedcm:accounts: true, goog:chromeOptions: {debuggerAddress: localhost:58276}, javascriptEnabled: true, networkConnectionEnabled: false, pageLoadStrategy: normal, platform: WINDOWS, platformName: WINDOWS, proxy: Proxy(), setWindowRect: true, strictFileInteractability: false, timeouts: {implicit: 0, pageLoad: 300000, script: 30000}, unhandledPromptBehavior: dismiss and notify, webauthn:extension:credBlob: true, webauthn:extension:largeBlob: true, webauthn:extension:minPinLength: true, webauthn:extension:prf: true, webauthn:virtualAuthenticators: true}
Session ID: 24a11f579ea109020a44c7c73755bd3b
*** Element info: {Using=xpath, value=//*[@id=&amp;quot;root&amp;quot;]/div/div[3]/div[1]/div/div[1]/div[2]/div/div/div/div[8]/p[2]}">
      <![CDATA[org.openqa.selenium.NoSuchElementException: no such element: Unable to locate element: {"method":"xpath","selector":"//*[@id="root"]/div/div[3]/div[1]/div/div[1]/div[2]/div/div/div/div[8]/p[2]"}
  (Session info: chrome=128.0.6613.85)
For documentation on this error, please visit: https://www.seleniumhq.org/exceptions/no_such_element.html
Build info: version: '3.141.59', revision: 'e82be7d358', time: '2018-11-14T08:25:53'
System info: host: 'LAPTOP-QKCURUKN', ip: '192.168.1.10', os.name: 'Windows 11', os.arch: 'amd64', os.version: '10.0', java.version: '21.0.2'
Driver info: org.openqa.selenium.chrome.ChromeDriver
Capabilities {acceptInsecureCerts: false, browserName: chrome, browserVersion: 128.0.6613.85, chrome: {chromedriverVersion: 127.0.6533.99 (f31af5097d90..., userDataDir: C:\WINDOWS\SystemTemp\scope...}, fedcm:accounts: true, goog:chromeOptions: {debuggerAddress: localhost:58276}, javascriptEnabled: true, networkConnectionEnabled: false, pageLoadStrategy: normal, platform: WINDOWS, platformName: WINDOWS, proxy: Proxy(), setWindowRect: true, strictFileInteractability: false, timeouts: {implicit: 0, pageLoad: 300000, script: 30000}, unhandledPromptBehavior: dismiss and notify, webauthn:extension:credBlob: true, webauthn:extension:largeBlob: true, webauthn:extension:minPinLength: true, webauthn:extension:prf: true, webauthn:virtualAuthenticators: true}
Session ID: 24a11f579ea109020a44c7c73755bd3b
*** Element info: {Using=xpath, value=//*[@id="root"]/div/div[3]/div[1]/div/div[1]/div[2]/div/div/div/div[8]/p[2]}
at org.openqa.selenium.remote.http.W3CHttpResponseCodec.createException(W3CHttpResponseCodec.java:187)
at org.openqa.selenium.remote.http.W3CHttpResponseCodec.decode(W3CHttpResponseCodec.java:122)
at org.openqa.selenium.remote.http.W3CHttpResponseCodec.decode(W3CHttpResponseCodec.java:49)
at org.openqa.selenium.remote.HttpCommandExecutor.execute(HttpCommandExecutor.java:158)
at org.openqa.selenium.remote.service.DriverCommandExecutor.execute(DriverCommandExecutor.java:83)
at org.openqa.selenium.remote.RemoteWebDriver.execute(RemoteWebDriver.java:552)
at org.openqa.selenium.remote.RemoteWebDriver.findElement(RemoteWebDriver.java:323)
at org.openqa.selenium.remote.RemoteWebDriver.findElementByXPath(RemoteWebDriver.java:428)
at org.openqa.selenium.By$ByXPath.findElement(By.java:353)
at org.openqa.selenium.remote.RemoteWebDriver.findElement(RemoteWebDriver.java:315)
at saurabhkumbhar.GroceryTrackerAdminPanel.User.testCreatedAt(User.java:244)
at java.base/java.util.ArrayList.forEach(ArrayList.java:1596)
... Removed 28 stack frames]]>
    </failure>
  </testcase> <!-- testCreatedAt -->
  <testcase classname="saurabhkumbhar.GroceryTrackerAdminPanel.User" name="testLastUpdate" time="1.655">
    <failure type="java.lang.AssertionError" message="expected [2024-08-28 14:55:48] but found [2024-08-28 12:44:48]">
      <![CDATA[java.lang.AssertionError: expected [2024-08-28 14:55:48] but found [2024-08-28 12:44:48]
at saurabhkumbhar.GroceryTrackerAdminPanel.User.testLastUpdate(User.java:253)
at java.base/java.util.ArrayList.forEach(ArrayList.java:1596)
... Removed 31 stack frames]]>
    </failure>
  </testcase> <!-- testLastUpdate -->
  <testcase classname="saurabhkumbhar.GroceryTrackerAdminPanel.User" name="testAge" time="1.299">
    <failure type="org.openqa.selenium.WebDriverException" message="target frame detached
  (failed to check if window was closed: disconnected: not connected to DevTools)
  (Session info: chrome=128.0.6613.85)
Build info: version: &amp;apos;3.141.59&amp;apos;, revision: &amp;apos;e82be7d358&amp;apos;, time: &amp;apos;2018-11-14T08:25:53&amp;apos;
System info: host: &amp;apos;LAPTOP-QKCURUKN&amp;apos;, ip: &amp;apos;192.168.1.10&amp;apos;, os.name: &amp;apos;Windows 11&amp;apos;, os.arch: &amp;apos;amd64&amp;apos;, os.version: &amp;apos;10.0&amp;apos;, java.version: &amp;apos;21.0.2&amp;apos;
Driver info: org.openqa.selenium.chrome.ChromeDriver
Capabilities {acceptInsecureCerts: false, browserName: chrome, browserVersion: 128.0.6613.85, chrome: {chromedriverVersion: 127.0.6533.99 (f31af5097d90..., userDataDir: C:\WINDOWS\SystemTemp\scope...}, fedcm:accounts: true, goog:chromeOptions: {debuggerAddress: localhost:58368}, javascriptEnabled: true, networkConnectionEnabled: false, pageLoadStrategy: normal, platform: WINDOWS, platformName: WINDOWS, proxy: Proxy(), setWindowRect: true, strictFileInteractability: false, timeouts: {implicit: 0, pageLoad: 300000, script: 30000}, unhandledPromptBehavior: dismiss and notify, webauthn:extension:credBlob: true, webauthn:extension:largeBlob: true, webauthn:extension:minPinLength: true, webauthn:extension:prf: true, webauthn:virtualAuthenticators: true}
Session ID: 437bbbca25a4222da32dc1ce877aabaf
*** Element info: {Using=xpath, value=//*[@id=&amp;quot;root&amp;quot;]/div/div[3]/div[1]/div/div[3]/div[2]/div/div/div/div[1]/p[2]}">
      <![CDATA[org.openqa.selenium.WebDriverException: target frame detached
  (failed to check if window was closed: disconnected: not connected to DevTools)
  (Session info: chrome=128.0.6613.85)
Build info: version: '3.141.59', revision: 'e82be7d358', time: '2018-11-14T08:25:53'
System info: host: 'LAPTOP-QKCURUKN', ip: '192.168.1.10', os.name: 'Windows 11', os.arch: 'amd64', os.version: '10.0', java.version: '21.0.2'
Driver info: org.openqa.selenium.chrome.ChromeDriver
Capabilities {acceptInsecureCerts: false, browserName: chrome, browserVersion: 128.0.6613.85, chrome: {chromedriverVersion: 127.0.6533.99 (f31af5097d90..., userDataDir: C:\WINDOWS\SystemTemp\scope...}, fedcm:accounts: true, goog:chromeOptions: {debuggerAddress: localhost:58368}, javascriptEnabled: true, networkConnectionEnabled: false, pageLoadStrategy: normal, platform: WINDOWS, platformName: WINDOWS, proxy: Proxy(), setWindowRect: true, strictFileInteractability: false, timeouts: {implicit: 0, pageLoad: 300000, script: 30000}, unhandledPromptBehavior: dismiss and notify, webauthn:extension:credBlob: true, webauthn:extension:largeBlob: true, webauthn:extension:minPinLength: true, webauthn:extension:prf: true, webauthn:virtualAuthenticators: true}
Session ID: 437bbbca25a4222da32dc1ce877aabaf
*** Element info: {Using=xpath, value=//*[@id="root"]/div/div[3]/div[1]/div/div[3]/div[2]/div/div/div/div[1]/p[2]}
at org.openqa.selenium.remote.http.W3CHttpResponseCodec.createException(W3CHttpResponseCodec.java:187)
at org.openqa.selenium.remote.http.W3CHttpResponseCodec.decode(W3CHttpResponseCodec.java:122)
at org.openqa.selenium.remote.http.W3CHttpResponseCodec.decode(W3CHttpResponseCodec.java:49)
at org.openqa.selenium.remote.HttpCommandExecutor.execute(HttpCommandExecutor.java:158)
at org.openqa.selenium.remote.service.DriverCommandExecutor.execute(DriverCommandExecutor.java:83)
at org.openqa.selenium.remote.RemoteWebDriver.execute(RemoteWebDriver.java:552)
at org.openqa.selenium.remote.RemoteWebDriver.findElement(RemoteWebDriver.java:323)
at org.openqa.selenium.remote.RemoteWebDriver.findElementByXPath(RemoteWebDriver.java:428)
at org.openqa.selenium.By$ByXPath.findElement(By.java:353)
at org.openqa.selenium.remote.RemoteWebDriver.findElement(RemoteWebDriver.java:315)
at saurabhkumbhar.GroceryTrackerAdminPanel.User.testAge(User.java:259)
at java.base/java.util.ArrayList.forEach(ArrayList.java:1596)
... Removed 28 stack frames]]>
    </failure>
  </testcase> <!-- testAge -->
  <testcase classname="saurabhkumbhar.GroceryTrackerAdminPanel.User" name="testGender" time="0.0">
    <skipped/>
  </testcase> <!-- testGender -->
  <testcase classname="saurabhkumbhar.GroceryTrackerAdminPanel.User" name="testBudget" time="0.0">
    <skipped/>
  </testcase> <!-- testBudget -->
  <testcase classname="saurabhkumbhar.GroceryTrackerAdminPanel.User" name="testDietType" time="0.0">
    <skipped/>
  </testcase> <!-- testDietType -->
  <testcase classname="saurabhkumbhar.GroceryTrackerAdminPanel.User" name="testLikeCooking" time="0.0">
    <skipped/>
  </testcase> <!-- testLikeCooking -->
  <testcase classname="saurabhkumbhar.GroceryTrackerAdminPanel.User" name="testNumberOfChildren" time="0.0">
    <skipped/>
  </testcase> <!-- testNumberOfChildren -->
  <testcase classname="saurabhkumbhar.GroceryTrackerAdminPanel.User" name="testNumberOfAdults" time="0.0">
    <skipped/>
  </testcase> <!-- testNumberOfAdults -->
  <testcase classname="saurabhkumbhar.GroceryTrackerAdminPanel.User" name="testHoursSpentOnCooking" time="0.0">
    <skipped/>
  </testcase> <!-- testHoursSpentOnCooking -->
  <testcase classname="saurabhkumbhar.GroceryTrackerAdminPanel.User" name="testOnDiet" time="0.0">
    <skipped/>
  </testcase> <!-- testOnDiet -->
  <testcase classname="saurabhkumbhar.GroceryTrackerAdminPanel.User" name="testFamilyOnDiet" time="0.0">
    <skipped/>
  </testcase> <!-- testFamilyOnDiet -->
  <testcase classname="saurabhkumbhar.GroceryTrackerAdminPanel.User" name="testPreferredFood" time="0.0">
    <skipped/>
  </testcase> <!-- testPreferredFood -->
  <testcase classname="saurabhkumbhar.GroceryTrackerAdminPanel.User" name="testCreatedAtt" time="0.0">
    <skipped/>
  </testcase> <!-- testCreatedAtt -->
  <testcase classname="saurabhkumbhar.GroceryTrackerAdminPanel.User" name="EditUserDetail1" time="0.0">
    <skipped/>
  </testcase> <!-- EditUserDetail1 -->
</testsuite> <!-- Test -->
